<?xml version="1.0" encoding="UTF-8"?>
<!-- Generated by org.testng.reporters.JUnitReportReporter -->
<testsuite hostname="LAPTOP-KPIT77A2" failures="0" tests="1" name="testCases.LoginLogout" time="13.471" errors="0" timestamp="2022-07-21T07:39:11 IST" skipped="0">
  <testcase classname="testCases.LoginLogout" name="runLogin" time="13.471"/>
  <system-out/>
</testsuite> <!-- testCases.LoginLogout -->
